Checking out Encounter license ...
Encounter_Digital_Impl_Sys_XL 13.1 license checkout succeeded.
You can run 2 CPU jobs with the base license that is currently checked out.
If required, use the setMultiCpuUsage command to enable multi-CPU processing.
This Encounter release has been compiled with OA version 22.43-p014.

*******************************************************************
*   Copyright (c)  Cadence Design Systems, Inc.  1996 - 2013.     *
*                     All rights reserved.                        *
*                                                                 *
*                                                                 *
*                                                                 *
* This program contains confidential and trade secret information *
* of Cadence Design Systems, Inc. and is protected by copyright   *
* law and international treaties.  Any reproduction, use,         *
* distribution or disclosure of this program or any portion of it,*
* or any attempt to obtain a human-readable version of this       *
* program, without the express, prior written consent of          *
* Cadence Design Systems, Inc., is strictly prohibited.           *
*                                                                 *
*                 Cadence Design Systems, Inc.                    *
*                    2655 Seely Avenue                            *
*                   San Jose, CA 95134,  USA                      *
*                                                                 *
*                                                                 *
*******************************************************************

@(#)CDS: Encounter v13.11-s031_1 (32bit) 05/23/2013 18:10 (Linux 2.6)
@(#)CDS: NanoRoute v13.11-s001 NR130506-1501/13_10-UB (database version 2.30, 190.4.1) {superthreading v1.19}
@(#)CDS: CeltIC v13.11-s002_1 (32bit) 05/16/2013 04:30:26 (Linux 2.6.18-194.el5)
@(#)CDS: AAE 13.11-s002 (32bit) 05/23/2013 (Linux 2.6.18-194.el5)
@(#)CDS: CTE 13.11-s002_1 (32bit) May 16 2013 04:05:19 (Linux 2.6.18-194.el5)
@(#)CDS: CPE v13.11-s004
@(#)CDS: IQRC/TQRC 12.1.0-s388 (32bit) Fri Mar 29 14:17:34 PDT 2013 (Linux 2.6.18-194.el5)
--- Starting "Encounter v13.11-s031_1" on Wed Dec  9 12:16:29 2015 (mem=55.4M) ---
--- Running on abelardo-Aspire-7720 (x86_64 w/Linux 4.3.0-040300rc6-lowlatency) ---
This version was compiled on Thu May 23 18:10:19 PDT 2013.
Set DBUPerIGU to 1000.
Set net toggle Scale Factor to 1.00
Set Shrink Factor to 1.00000

**INFO:  MMMC transition support version v31-84 

<CMD> set_global _enable_mmmc_by_default_flow      $CTE::mmmc_default
<CMD> suppressMessage ENCEXT-2799
<CMD> win
couldn't read file "conf2init_v2.tcl": no such file or directory

*** Memory Usage v#2 (Current mem = 244.543M, initial mem = 55.449M) ***
--- Ending "Encounter" (totcpu=0:00:39.9, real=0:02:16, mem=244.5M) ---
