Virtuoso Framework License (111) was checked out successfully. Total checkout time was 10.04s.
Running Artist Hierarchical Netlisting ...
Loading cdf.cxt 
INFO (OSSHNL-251): Mismatch found in the direction of terminal 'CLK' in the placed master
'fullsystem/DFFSR/symbol' and its corresponding terminal in the switch master 'fullsystem/DFFSR/schematic',
however, this terminal is printed in the netlist because the variable
simCheckTermDirectionMismatch is either set to 'ignore' or is not set.

INFO (OSSHNL-251): Mismatch found in the direction of terminal 'D' in the placed master
'fullsystem/DFFSR/symbol' and its corresponding terminal in the switch master 'fullsystem/DFFSR/schematic',
however, this terminal is printed in the netlist because the variable
simCheckTermDirectionMismatch is either set to 'ignore' or is not set.

INFO (OSSHNL-251): Mismatch found in the direction of terminal 'Q' in the placed master
'fullsystem/DFFSR/symbol' and its corresponding terminal in the switch master 'fullsystem/DFFSR/schematic',
however, this terminal is printed in the netlist because the variable
simCheckTermDirectionMismatch is either set to 'ignore' or is not set.

INFO (OSSHNL-251): Mismatch found in the direction of terminal 'R' in the placed master
'fullsystem/DFFSR/symbol' and its corresponding terminal in the switch master 'fullsystem/DFFSR/schematic',
however, this terminal is printed in the netlist because the variable
simCheckTermDirectionMismatch is either set to 'ignore' or is not set.

INFO (OSSHNL-251): Mismatch found in the direction of terminal 'S' in the placed master
'fullsystem/DFFSR/symbol' and its corresponding terminal in the switch master 'fullsystem/DFFSR/schematic',
however, this terminal is printed in the netlist because the variable
simCheckTermDirectionMismatch is either set to 'ignore' or is not set.

INFO (OSSHNL-251): Mismatch found in the direction of terminal 'A' in the placed master
'fullsystem/AOI22X1/symbol' and its corresponding terminal in the switch master 'fullsystem/AOI22X1/schematic',
however, this terminal is printed in the netlist because the variable
simCheckTermDirectionMismatch is either set to 'ignore' or is not set.

INFO (OSSHNL-251): Mismatch found in the direction of terminal 'B' in the placed master
'fullsystem/AOI22X1/symbol' and its corresponding terminal in the switch master 'fullsystem/AOI22X1/schematic',
however, this terminal is printed in the netlist because the variable
simCheckTermDirectionMismatch is either set to 'ignore' or is not set.

INFO (OSSHNL-251): Mismatch found in the direction of terminal 'C' in the placed master
'fullsystem/AOI22X1/symbol' and its corresponding terminal in the switch master 'fullsystem/AOI22X1/schematic',
however, this terminal is printed in the netlist because the variable
simCheckTermDirectionMismatch is either set to 'ignore' or is not set.

INFO (OSSHNL-251): Mismatch found in the direction of terminal 'D' in the placed master
'fullsystem/AOI22X1/symbol' and its corresponding terminal in the switch master 'fullsystem/AOI22X1/schematic',
however, this terminal is printed in the netlist because the variable
simCheckTermDirectionMismatch is either set to 'ignore' or is not set.

INFO (OSSHNL-251): Mismatch found in the direction of terminal 'Y' in the placed master
'fullsystem/AOI22X1/symbol' and its corresponding terminal in the switch master 'fullsystem/AOI22X1/schematic',
however, this terminal is printed in the netlist because the variable
simCheckTermDirectionMismatch is either set to 'ignore' or is not set.

End netlisting Dec  9 12:56:29 2015
