Mdi:ArrangeIcons
ScopeSigMgr:loadpffile /media/ntfsdrive1/workspace/ProjectDIC2/simulation_schematic/fullsystem_tb.tr0 1 openonly
# PF:1
wm geometry .sigmgr._PF:1 231x341+1343+466
pf:read PF:1 v(clk1)
# WF:1:1
Graph addsignal WF:1:1 -region new -yview real(y) -xview real(x) -tracehi 2
# Signal0
pf:read PF:1 v(clk2)
# WF:1:2
Graph addsignal WF:1:2 -region new -yview real(y) -xview real(x) -tracehi 2
# Signal1
pf:read PF:1 v(rcv)
# WF:1:3
Graph addsignal WF:1:3 -region new -yview real(y) -xview real(x) -tracehi 2
# Signal2
Mdi:Resize 486 519
Mdi:Move 5 5
pf:read PF:1 v(start)
# WF:1:4
Graph addsignal WF:1:4 -region new -yview real(y) -xview real(x) -tracehi 2
# Signal3
pf:read PF:1 v(ready)
# WF:1:5
Graph addsignal WF:1:5 -region new -yview real(y) -xview real(x) -tracehi 2
# Signal4
pf:read PF:1 v(reset1)
# WF:1:7
Graph addsignal WF:1:7 -region new -yview real(y) -xview real(x) -tracehi 2
# Signal5
Mdi:Resize 488 636
Mdi:Move 5 5
pf:read PF:1 v(reset2)
# WF:1:6
Graph addsignal WF:1:6 -region new -yview real(y) -xview real(x) -tracehi 2
# Signal6
